<?xml version="1.0" encoding="UTF-8"?>
<testsuite name="Realizar login" tests="2" skipped="0" failures="0" errors="0" timestamp="2023-08-24T07:28:24" hostname="DESKTOP-MMKLV47" time="6.253">
  <properties/>
  <testcase name="Realizar login exitoso" classname="Realizar login" time="5.606"/>
  <testcase name="Realizar login fallido" classname="Realizar login" time="0.631"/>
  <system-out><![CDATA[{
    "token": "QpwL5tke4Pnpja7X4"
}
QpwL5tke4Pnpja7X4
{
    "error": "Missing password"
}
Missing password
]]></system-out>
  <system-err><![CDATA[[Test worker] INFO net.thucydides.core.steps.ConsoleLoggingListener - 
        __    _____ _____ ____ _____   ____   _    ____  ____  _____ ____  
  _     \ \  |_   _| ____/ ___|_   _| |  _ \ / \  / ___|/ ___|| ____|  _ \ 
 (_)_____| |   | | |  _| \___ \ | |   | |_) / _ \ \___ \\___ \|  _| | | | |
  _|_____| |   | | | |___ ___) || |   |  __/ ___ \ ___) |___) | |___| |_| |
 (_)     | |   |_| |_____|____/ |_|   |_| /_/   \_\____/|____/|_____|____/ 
        /_/                                                                

TEST PASSED: Realizar login exitoso
----------------------------------------------------------------------------
[Test worker] INFO net.thucydides.core.steps.ConsoleLoggingListener - 
        __    _____ _____ ____ _____   ____   _    ____  ____  _____ ____  
  _     \ \  |_   _| ____/ ___|_   _| |  _ \ / \  / ___|/ ___|| ____|  _ \ 
 (_)_____| |   | | |  _| \___ \ | |   | |_) / _ \ \___ \\___ \|  _| | | | |
  _|_____| |   | | | |___ ___) || |   |  __/ ___ \ ___) |___) | |___| |_| |
 (_)     | |   |_| |_____|____/ |_|   |_| /_/   \_\____/|____/|_____|____/ 
        /_/                                                                

TEST PASSED: Realizar login fallido
----------------------------------------------------------------------------
]]></system-err>
</testsuite>
